<?xml version="1.0" encoding="UTF-8"?>
<testsuite name="com.lemmepos.ApplicationTests" tests="1" skipped="0" failures="0" errors="0" timestamp="2019-05-26T22:32:50" hostname="temosare-PC" time="0.232">
  <properties/>
  <testcase name="contextLoads" classname="com.lemmepos.ApplicationTests" time="0.232"/>
  <system-out><![CDATA[00:32:47.604 [Test worker] DEBUG org.springframework.test.context.junit4.SpringJUnit4ClassRunner - SpringJUnit4ClassRunner constructor called with [class com.lemmepos.ApplicationTests]
00:32:47.617 [Test worker] DEBUG org.springframework.test.context.BootstrapUtils - Instantiating CacheAwareContextLoaderDelegate from class [org.springframework.test.context.cache.DefaultCacheAwareContextLoaderDelegate]
00:32:47.630 [Test worker] DEBUG org.springframework.test.context.BootstrapUtils - Instantiating BootstrapContext using constructor [public org.springframework.test.context.support.DefaultBootstrapContext(java.lang.Class,org.springframework.test.context.CacheAwareContextLoaderDelegate)]
00:32:47.676 [Test worker] DEBUG org.springframework.test.context.BootstrapUtils - Instantiating TestContextBootstrapper for test class [com.lemmepos.ApplicationTests] from class [org.springframework.boot.test.context.SpringBootTestContextBootstrapper]
00:32:47.694 [Test worker] INFO org.springframework.boot.test.context.SpringBootTestContextBootstrapper - Neither @ContextConfiguration nor @ContextHierarchy found for test class [com.lemmepos.ApplicationTests], using SpringBootContextLoader
00:32:47.699 [Test worker] DEBUG org.springframework.test.context.support.AbstractContextLoader - Did not detect default resource location for test class [com.lemmepos.ApplicationTests]: class path resource [com/lemmepos/ApplicationTests-context.xml] does not exist
00:32:47.700 [Test worker] DEBUG org.springframework.test.context.support.AbstractContextLoader - Did not detect default resource location for test class [com.lemmepos.ApplicationTests]: class path resource [com/lemmepos/ApplicationTestsContext.groovy] does not exist
00:32:47.700 [Test worker] INFO org.springframework.test.context.support.AbstractContextLoader - Could not detect default resource locations for test class [com.lemmepos.ApplicationTests]: no resource found for suffixes {-context.xml, Context.groovy}.
00:32:47.701 [Test worker] INFO org.springframework.test.context.support.AnnotationConfigContextLoaderUtils - Could not detect default configuration classes for test class [com.lemmepos.ApplicationTests]: ApplicationTests does not declare any static, non-private, non-final, nested classes annotated with @Configuration.
00:32:47.756 [Test worker] DEBUG org.springframework.test.context.support.ActiveProfilesUtils - Could not find an 'annotation declaring class' for annotation type [org.springframework.test.context.ActiveProfiles] and class [com.lemmepos.ApplicationTests]
00:32:47.861 [Test worker] DEBUG org.springframework.context.annotation.ClassPathScanningCandidateComponentProvider - Identified candidate component class: file [/home/temosare/eclipse-workspace/LemmePosTreeTagger/build/classes/java/main/com/lemmepos/LemmePosTreeTaggerApplication.class]
00:32:47.868 [Test worker] INFO org.springframework.boot.test.context.SpringBootTestContextBootstrapper - Found @SpringBootConfiguration com.lemmepos.LemmePosTreeTaggerApplication for test class com.lemmepos.ApplicationTests
00:32:47.985 [Test worker] DEBUG org.springframework.boot.test.context.SpringBootTestContextBootstrapper - @TestExecutionListeners is not present for class [com.lemmepos.ApplicationTests]: using defaults.
00:32:47.986 [Test worker] INFO org.springframework.boot.test.context.SpringBootTestContextBootstrapper - Loaded default TestExecutionListener class names from location [META-INF/spring.factories]: [org.springframework.boot.test.autoconfigure.restdocs.RestDocsTestExecutionListener, org.springframework.boot.test.autoconfigure.web.client.MockRestServiceServerResetTestExecutionListener, org.springframework.boot.test.autoconfigure.web.servlet.MockMvcPrintOnlyOnFailureTestExecutionListener, org.springframework.boot.test.autoconfigure.web.servlet.WebDriverTestExecutionListener, org.springframework.boot.test.mock.mockito.MockitoTestExecutionListener, org.springframework.boot.test.mock.mockito.ResetMocksTestExecutionListener, org.springframework.test.context.web.ServletTestExecutionListener, org.springframework.test.context.support.DirtiesContextBeforeModesTestExecutionListener, org.springframework.test.context.support.DependencyInjectionTestExecutionListener, org.springframework.test.context.support.DirtiesContextTestExecutionListener, org.springframework.test.context.transaction.TransactionalTestExecutionListener, org.springframework.test.context.jdbc.SqlScriptsTestExecutionListener]
00:32:48.000 [Test worker] DEBUG org.springframework.boot.test.context.SpringBootTestContextBootstrapper - Skipping candidate TestExecutionListener [org.springframework.test.context.transaction.TransactionalTestExecutionListener] due to a missing dependency. Specify custom listener classes or make the default listener classes and their required dependencies available. Offending class: [org/springframework/transaction/TransactionDefinition]
00:32:48.001 [Test worker] DEBUG org.springframework.boot.test.context.SpringBootTestContextBootstrapper - Skipping candidate TestExecutionListener [org.springframework.test.context.jdbc.SqlScriptsTestExecutionListener] due to a missing dependency. Specify custom listener classes or make the default listener classes and their required dependencies available. Offending class: [org/springframework/transaction/interceptor/TransactionAttribute]
00:32:48.002 [Test worker] INFO org.springframework.boot.test.context.SpringBootTestContextBootstrapper - Using TestExecutionListeners: [org.springframework.test.context.web.ServletTestExecutionListener@5f59220e, org.springframework.test.context.support.DirtiesContextBeforeModesTestExecutionListener@4a09e835, org.springframework.boot.test.mock.mockito.MockitoTestExecutionListener@1cfafa1f, org.springframework.boot.test.autoconfigure.SpringBootDependencyInjectionTestExecutionListener@e8e2aa3, org.springframework.test.context.support.DirtiesContextTestExecutionListener@1851202e, org.springframework.boot.test.autoconfigure.restdocs.RestDocsTestExecutionListener@1d1c2b51, org.springframework.boot.test.autoconfigure.web.client.MockRestServiceServerResetTestExecutionListener@56fd00ef, org.springframework.boot.test.autoconfigure.web.servlet.MockMvcPrintOnlyOnFailureTestExecutionListener@29d9f3a1, org.springframework.boot.test.autoconfigure.web.servlet.WebDriverTestExecutionListener@3818f6e4, org.springframework.boot.test.mock.mockito.ResetMocksTestExecutionListener@44a20415]
00:32:48.006 [Test worker] DEBUG org.springframework.test.annotation.ProfileValueUtils - Retrieved @ProfileValueSourceConfiguration [null] for test class [com.lemmepos.ApplicationTests]
00:32:48.007 [Test worker] DEBUG org.springframework.test.annotation.ProfileValueUtils - Retrieved ProfileValueSource type [class org.springframework.test.annotation.SystemProfileValueSource] for class [com.lemmepos.ApplicationTests]
00:32:48.009 [Test worker] DEBUG org.springframework.test.annotation.ProfileValueUtils - Retrieved @ProfileValueSourceConfiguration [null] for test class [com.lemmepos.ApplicationTests]
00:32:48.009 [Test worker] DEBUG org.springframework.test.annotation.ProfileValueUtils - Retrieved ProfileValueSource type [class org.springframework.test.annotation.SystemProfileValueSource] for class [com.lemmepos.ApplicationTests]
00:32:48.017 [Test worker] DEBUG org.springframework.test.context.support.AbstractDirtiesContextTestExecutionListener - Before test class: context [DefaultTestContext@443ac56 testClass = ApplicationTests, testInstance = [null], testMethod = [null], testException = [null], mergedContextConfiguration = [WebMergedContextConfiguration@650dae12 testClass = ApplicationTests, locations = '{}', classes = '{class com.lemmepos.LemmePosTreeTaggerApplication}', contextInitializerClasses = '[]', activeProfiles = '{}', propertySourceLocations = '{}', propertySourceProperties = '{org.springframework.boot.test.context.SpringBootTestContextBootstrapper=true}', contextCustomizers = set[org.springframework.boot.test.autoconfigure.properties.PropertyMappingContextCustomizer@0, org.springframework.boot.test.autoconfigure.web.servlet.WebDriverContextCustomizerFactory$Customizer@4a61da52, org.springframework.boot.test.context.filter.ExcludeFilterContextCustomizer@31aae74b, org.springframework.boot.test.json.DuplicateJsonObjectContextCustomizerFactory$DuplicateJsonObjectContextCustomizer@4a40b479, org.springframework.boot.test.mock.mockito.MockitoContextCustomizer@0, org.springframework.boot.test.web.client.TestRestTemplateContextCustomizer@7916f6d], resourceBasePath = 'src/main/webapp', contextLoader = 'org.springframework.boot.test.context.SpringBootContextLoader', parent = [null]], attributes = map['org.springframework.test.context.web.ServletTestExecutionListener.activateListener' -> true]], class annotated with @DirtiesContext [false] with mode [null].
00:32:48.018 [Test worker] DEBUG org.springframework.test.annotation.ProfileValueUtils - Retrieved @ProfileValueSourceConfiguration [null] for test class [com.lemmepos.ApplicationTests]
00:32:48.019 [Test worker] DEBUG org.springframework.test.annotation.ProfileValueUtils - Retrieved ProfileValueSource type [class org.springframework.test.annotation.SystemProfileValueSource] for class [com.lemmepos.ApplicationTests]
00:32:48.047 [Test worker] DEBUG org.springframework.test.context.support.TestPropertySourceUtils - Adding inlined properties to environment: {spring.jmx.enabled=false, org.springframework.boot.test.context.SpringBootTestContextBootstrapper=true, server.port=-1}

  .   ____          _            __ _ _
 /\\ / ___'_ __ _ _(_)_ __  __ _ \ \ \ \
( ( )\___ | '_ | '_| | '_ \/ _` | \ \ \ \
 \\/  ___)| |_)| | | | | || (_| |  ) ) ) )
  '  |____| .__|_| |_|_| |_\__, | / / / /
 =========|_|==============|___/=/_/_/_/
 :: Spring Boot ::        (v2.1.4.RELEASE)

2019-05-27 00:32:48.413  INFO 18614 --- [    Test worker] com.lemmepos.ApplicationTests            : Starting ApplicationTests on temosare-PC with PID 18614 (started by temosare in /home/temosare/eclipse-workspace/LemmePosTreeTagger)
2019-05-27 00:32:48.415  INFO 18614 --- [    Test worker] com.lemmepos.ApplicationTests            : No active profile set, falling back to default profiles: default
2019-05-27 00:32:49.646  INFO 18614 --- [    Test worker] f.a.AutowiredAnnotationBeanPostProcessor : Autowired annotation is not supported on static fields: private static java.util.HashMap com.lemmepos.LemmePosTreeTaggerService.MapText
2019-05-27 00:32:50.470  INFO 18614 --- [    Test worker] o.s.s.concurrent.ThreadPoolTaskExecutor  : Initializing ExecutorService 'applicationTaskExecutor'
2019-05-27 00:32:50.799  INFO 18614 --- [    Test worker] com.lemmepos.ApplicationTests            : Started ApplicationTests in 2.741 seconds (JVM running for 3.994)
]]></system-out>
  <system-err><![CDATA[]]></system-err>
</testsuite>
