<?xml version="1.0" encoding="UTF-8"?>
<testsuite name="com.lemmepostalismane.LemmatizertalismaneApplicationTests" tests="1" skipped="0" failures="0" errors="0" timestamp="2019-05-28T16:20:01" hostname="temosare-PC" time="0.311">
  <properties/>
  <testcase name="contextLoads" classname="com.lemmepostalismane.LemmatizertalismaneApplicationTests" time="0.311"/>
  <system-out><![CDATA[18:19:57.779 [Test worker] DEBUG org.springframework.test.context.junit4.SpringJUnit4ClassRunner - SpringJUnit4ClassRunner constructor called with [class com.lemmepostalismane.LemmatizertalismaneApplicationTests]
18:19:57.789 [Test worker] DEBUG org.springframework.test.context.BootstrapUtils - Instantiating CacheAwareContextLoaderDelegate from class [org.springframework.test.context.cache.DefaultCacheAwareContextLoaderDelegate]
18:19:57.799 [Test worker] DEBUG org.springframework.test.context.BootstrapUtils - Instantiating BootstrapContext using constructor [public org.springframework.test.context.support.DefaultBootstrapContext(java.lang.Class,org.springframework.test.context.CacheAwareContextLoaderDelegate)]
18:19:57.838 [Test worker] DEBUG org.springframework.test.context.BootstrapUtils - Instantiating TestContextBootstrapper for test class [com.lemmepostalismane.LemmatizertalismaneApplicationTests] from class [org.springframework.boot.test.context.SpringBootTestContextBootstrapper]
18:19:57.855 [Test worker] INFO org.springframework.boot.test.context.SpringBootTestContextBootstrapper - Neither @ContextConfiguration nor @ContextHierarchy found for test class [com.lemmepostalismane.LemmatizertalismaneApplicationTests], using SpringBootContextLoader
18:19:57.859 [Test worker] DEBUG org.springframework.test.context.support.AbstractContextLoader - Did not detect default resource location for test class [com.lemmepostalismane.LemmatizertalismaneApplicationTests]: class path resource [com/lemmepostalismane/LemmatizertalismaneApplicationTests-context.xml] does not exist
18:19:57.860 [Test worker] DEBUG org.springframework.test.context.support.AbstractContextLoader - Did not detect default resource location for test class [com.lemmepostalismane.LemmatizertalismaneApplicationTests]: class path resource [com/lemmepostalismane/LemmatizertalismaneApplicationTestsContext.groovy] does not exist
18:19:57.861 [Test worker] INFO org.springframework.test.context.support.AbstractContextLoader - Could not detect default resource locations for test class [com.lemmepostalismane.LemmatizertalismaneApplicationTests]: no resource found for suffixes {-context.xml, Context.groovy}.
18:19:57.862 [Test worker] INFO org.springframework.test.context.support.AnnotationConfigContextLoaderUtils - Could not detect default configuration classes for test class [com.lemmepostalismane.LemmatizertalismaneApplicationTests]: LemmatizertalismaneApplicationTests does not declare any static, non-private, non-final, nested classes annotated with @Configuration.
18:19:57.919 [Test worker] DEBUG org.springframework.test.context.support.ActiveProfilesUtils - Could not find an 'annotation declaring class' for annotation type [org.springframework.test.context.ActiveProfiles] and class [com.lemmepostalismane.LemmatizertalismaneApplicationTests]
18:19:58.005 [Test worker] DEBUG org.springframework.context.annotation.ClassPathScanningCandidateComponentProvider - Identified candidate component class: file [/home/temosare/eclipse-workspace/LemmePosTalismane/build/classes/java/main/com/lemmepostalismane/LemmePosTalismaneApplication.class]
18:19:58.012 [Test worker] INFO org.springframework.boot.test.context.SpringBootTestContextBootstrapper - Found @SpringBootConfiguration com.lemmepostalismane.LemmePosTalismaneApplication for test class com.lemmepostalismane.LemmatizertalismaneApplicationTests
18:19:58.123 [Test worker] DEBUG org.springframework.boot.test.context.SpringBootTestContextBootstrapper - @TestExecutionListeners is not present for class [com.lemmepostalismane.LemmatizertalismaneApplicationTests]: using defaults.
18:19:58.124 [Test worker] INFO org.springframework.boot.test.context.SpringBootTestContextBootstrapper - Loaded default TestExecutionListener class names from location [META-INF/spring.factories]: [org.springframework.boot.test.autoconfigure.restdocs.RestDocsTestExecutionListener, org.springframework.boot.test.autoconfigure.web.client.MockRestServiceServerResetTestExecutionListener, org.springframework.boot.test.autoconfigure.web.servlet.MockMvcPrintOnlyOnFailureTestExecutionListener, org.springframework.boot.test.autoconfigure.web.servlet.WebDriverTestExecutionListener, org.springframework.boot.test.mock.mockito.MockitoTestExecutionListener, org.springframework.boot.test.mock.mockito.ResetMocksTestExecutionListener, org.springframework.test.context.web.ServletTestExecutionListener, org.springframework.test.context.support.DirtiesContextBeforeModesTestExecutionListener, org.springframework.test.context.support.DependencyInjectionTestExecutionListener, org.springframework.test.context.support.DirtiesContextTestExecutionListener, org.springframework.test.context.transaction.TransactionalTestExecutionListener, org.springframework.test.context.jdbc.SqlScriptsTestExecutionListener]
18:19:58.140 [Test worker] DEBUG org.springframework.boot.test.context.SpringBootTestContextBootstrapper - Skipping candidate TestExecutionListener [org.springframework.test.context.transaction.TransactionalTestExecutionListener] due to a missing dependency. Specify custom listener classes or make the default listener classes and their required dependencies available. Offending class: [org/springframework/transaction/TransactionDefinition]
18:19:58.141 [Test worker] DEBUG org.springframework.boot.test.context.SpringBootTestContextBootstrapper - Skipping candidate TestExecutionListener [org.springframework.test.context.jdbc.SqlScriptsTestExecutionListener] due to a missing dependency. Specify custom listener classes or make the default listener classes and their required dependencies available. Offending class: [org/springframework/transaction/interceptor/TransactionAttribute]
18:19:58.141 [Test worker] INFO org.springframework.boot.test.context.SpringBootTestContextBootstrapper - Using TestExecutionListeners: [org.springframework.test.context.web.ServletTestExecutionListener@5f59220e, org.springframework.test.context.support.DirtiesContextBeforeModesTestExecutionListener@4a09e835, org.springframework.boot.test.mock.mockito.MockitoTestExecutionListener@1cfafa1f, org.springframework.boot.test.autoconfigure.SpringBootDependencyInjectionTestExecutionListener@e8e2aa3, org.springframework.test.context.support.DirtiesContextTestExecutionListener@1851202e, org.springframework.boot.test.autoconfigure.restdocs.RestDocsTestExecutionListener@1d1c2b51, org.springframework.boot.test.autoconfigure.web.client.MockRestServiceServerResetTestExecutionListener@56fd00ef, org.springframework.boot.test.autoconfigure.web.servlet.MockMvcPrintOnlyOnFailureTestExecutionListener@29d9f3a1, org.springframework.boot.test.autoconfigure.web.servlet.WebDriverTestExecutionListener@3818f6e4, org.springframework.boot.test.mock.mockito.ResetMocksTestExecutionListener@44a20415]
18:19:58.145 [Test worker] DEBUG org.springframework.test.annotation.ProfileValueUtils - Retrieved @ProfileValueSourceConfiguration [null] for test class [com.lemmepostalismane.LemmatizertalismaneApplicationTests]
18:19:58.146 [Test worker] DEBUG org.springframework.test.annotation.ProfileValueUtils - Retrieved ProfileValueSource type [class org.springframework.test.annotation.SystemProfileValueSource] for class [com.lemmepostalismane.LemmatizertalismaneApplicationTests]
18:19:58.147 [Test worker] DEBUG org.springframework.test.annotation.ProfileValueUtils - Retrieved @ProfileValueSourceConfiguration [null] for test class [com.lemmepostalismane.LemmatizertalismaneApplicationTests]
18:19:58.147 [Test worker] DEBUG org.springframework.test.annotation.ProfileValueUtils - Retrieved ProfileValueSource type [class org.springframework.test.annotation.SystemProfileValueSource] for class [com.lemmepostalismane.LemmatizertalismaneApplicationTests]
18:19:58.154 [Test worker] DEBUG org.springframework.test.context.support.AbstractDirtiesContextTestExecutionListener - Before test class: context [DefaultTestContext@443ac56 testClass = LemmatizertalismaneApplicationTests, testInstance = [null], testMethod = [null], testException = [null], mergedContextConfiguration = [WebMergedContextConfiguration@650dae12 testClass = LemmatizertalismaneApplicationTests, locations = '{}', classes = '{class com.lemmepostalismane.LemmePosTalismaneApplication}', contextInitializerClasses = '[]', activeProfiles = '{}', propertySourceLocations = '{}', propertySourceProperties = '{org.springframework.boot.test.context.SpringBootTestContextBootstrapper=true}', contextCustomizers = set[org.springframework.boot.test.autoconfigure.properties.PropertyMappingContextCustomizer@0, org.springframework.boot.test.autoconfigure.web.servlet.WebDriverContextCustomizerFactory$Customizer@4a61da52, org.springframework.boot.test.context.filter.ExcludeFilterContextCustomizer@31aae74b, org.springframework.boot.test.json.DuplicateJsonObjectContextCustomizerFactory$DuplicateJsonObjectContextCustomizer@4a40b479, org.springframework.boot.test.mock.mockito.MockitoContextCustomizer@0, org.springframework.boot.test.web.client.TestRestTemplateContextCustomizer@7916f6d], resourceBasePath = 'src/main/webapp', contextLoader = 'org.springframework.boot.test.context.SpringBootContextLoader', parent = [null]], attributes = map['org.springframework.test.context.web.ServletTestExecutionListener.activateListener' -> true]], class annotated with @DirtiesContext [false] with mode [null].
18:19:58.155 [Test worker] DEBUG org.springframework.test.annotation.ProfileValueUtils - Retrieved @ProfileValueSourceConfiguration [null] for test class [com.lemmepostalismane.LemmatizertalismaneApplicationTests]
18:19:58.155 [Test worker] DEBUG org.springframework.test.annotation.ProfileValueUtils - Retrieved ProfileValueSource type [class org.springframework.test.annotation.SystemProfileValueSource] for class [com.lemmepostalismane.LemmatizertalismaneApplicationTests]
18:19:58.176 [Test worker] DEBUG org.springframework.test.context.support.TestPropertySourceUtils - Adding inlined properties to environment: {spring.jmx.enabled=false, org.springframework.boot.test.context.SpringBootTestContextBootstrapper=true, server.port=-1}

  .   ____          _            __ _ _
 /\\ / ___'_ __ _ _(_)_ __  __ _ \ \ \ \
( ( )\___ | '_ | '_| | '_ \/ _` | \ \ \ \
 \\/  ___)| |_)| | | | | || (_| |  ) ) ) )
  '  |____| .__|_| |_|_| |_\__, | / / / /
 =========|_|==============|___/=/_/_/_/
 :: Spring Boot ::        (v2.1.4.RELEASE)

2019-05-28 18:19:58.506  INFO 26772 --- [    Test worker] c.l.LemmatizertalismaneApplicationTests  : Starting LemmatizertalismaneApplicationTests on temosare-PC with PID 26772 (started by temosare in /home/temosare/eclipse-workspace/LemmePosTalismane)
2019-05-28 18:19:58.509  INFO 26772 --- [    Test worker] c.l.LemmatizertalismaneApplicationTests  : No active profile set, falling back to default profiles: default
2019-05-28 18:19:59.866  INFO 26772 --- [    Test worker] f.a.AutowiredAnnotationBeanPostProcessor : Autowired annotation is not supported on static fields: private static java.util.HashMap com.lemmepostalismane.LemmePosTalismaneService.MapText
2019-05-28 18:20:00.712  INFO 26772 --- [    Test worker] o.s.s.concurrent.ThreadPoolTaskExecutor  : Initializing ExecutorService 'applicationTaskExecutor'
2019-05-28 18:20:01.093  INFO 26772 --- [    Test worker] c.l.LemmatizertalismaneApplicationTests  : Started LemmatizertalismaneApplicationTests in 2.907 seconds (JVM running for 4.072)
]]></system-out>
  <system-err><![CDATA[]]></system-err>
</testsuite>
