<?xml version="1.0" encoding="UTF-8"?>
<testsuite name="com.tokenize.TokenizeApplicationTests" tests="1" skipped="0" failures="0" errors="0" timestamp="2019-05-26T22:32:16" hostname="temosare-PC" time="0.299">
  <properties/>
  <testcase name="contextLoads" classname="com.tokenize.TokenizeApplicationTests" time="0.299"/>
  <system-out><![CDATA[00:32:13.313 [Test worker] DEBUG org.springframework.test.context.junit4.SpringJUnit4ClassRunner - SpringJUnit4ClassRunner constructor called with [class com.tokenize.TokenizeApplicationTests]
00:32:13.323 [Test worker] DEBUG org.springframework.test.context.BootstrapUtils - Instantiating CacheAwareContextLoaderDelegate from class [org.springframework.test.context.cache.DefaultCacheAwareContextLoaderDelegate]
00:32:13.335 [Test worker] DEBUG org.springframework.test.context.BootstrapUtils - Instantiating BootstrapContext using constructor [public org.springframework.test.context.support.DefaultBootstrapContext(java.lang.Class,org.springframework.test.context.CacheAwareContextLoaderDelegate)]
00:32:13.369 [Test worker] DEBUG org.springframework.test.context.BootstrapUtils - Instantiating TestContextBootstrapper for test class [com.tokenize.TokenizeApplicationTests] from class [org.springframework.boot.test.context.SpringBootTestContextBootstrapper]
00:32:13.384 [Test worker] INFO org.springframework.boot.test.context.SpringBootTestContextBootstrapper - Neither @ContextConfiguration nor @ContextHierarchy found for test class [com.tokenize.TokenizeApplicationTests], using SpringBootContextLoader
00:32:13.387 [Test worker] DEBUG org.springframework.test.context.support.AbstractContextLoader - Did not detect default resource location for test class [com.tokenize.TokenizeApplicationTests]: class path resource [com/tokenize/TokenizeApplicationTests-context.xml] does not exist
00:32:13.388 [Test worker] DEBUG org.springframework.test.context.support.AbstractContextLoader - Did not detect default resource location for test class [com.tokenize.TokenizeApplicationTests]: class path resource [com/tokenize/TokenizeApplicationTestsContext.groovy] does not exist
00:32:13.388 [Test worker] INFO org.springframework.test.context.support.AbstractContextLoader - Could not detect default resource locations for test class [com.tokenize.TokenizeApplicationTests]: no resource found for suffixes {-context.xml, Context.groovy}.
00:32:13.390 [Test worker] INFO org.springframework.test.context.support.AnnotationConfigContextLoaderUtils - Could not detect default configuration classes for test class [com.tokenize.TokenizeApplicationTests]: TokenizeApplicationTests does not declare any static, non-private, non-final, nested classes annotated with @Configuration.
00:32:13.441 [Test worker] DEBUG org.springframework.test.context.support.ActiveProfilesUtils - Could not find an 'annotation declaring class' for annotation type [org.springframework.test.context.ActiveProfiles] and class [com.tokenize.TokenizeApplicationTests]
00:32:13.525 [Test worker] DEBUG org.springframework.context.annotation.ClassPathScanningCandidateComponentProvider - Identified candidate component class: file [/home/temosare/eclipse-workspace/TokenizeTreeTagger/build/classes/java/main/com/tokenize/TokenizeTreeTaggerApplication.class]
00:32:13.532 [Test worker] INFO org.springframework.boot.test.context.SpringBootTestContextBootstrapper - Found @SpringBootConfiguration com.tokenize.TokenizeTreeTaggerApplication for test class com.tokenize.TokenizeApplicationTests
00:32:13.646 [Test worker] DEBUG org.springframework.boot.test.context.SpringBootTestContextBootstrapper - @TestExecutionListeners is not present for class [com.tokenize.TokenizeApplicationTests]: using defaults.
00:32:13.647 [Test worker] INFO org.springframework.boot.test.context.SpringBootTestContextBootstrapper - Loaded default TestExecutionListener class names from location [META-INF/spring.factories]: [org.springframework.boot.test.autoconfigure.restdocs.RestDocsTestExecutionListener, org.springframework.boot.test.autoconfigure.web.client.MockRestServiceServerResetTestExecutionListener, org.springframework.boot.test.autoconfigure.web.servlet.MockMvcPrintOnlyOnFailureTestExecutionListener, org.springframework.boot.test.autoconfigure.web.servlet.WebDriverTestExecutionListener, org.springframework.boot.test.mock.mockito.MockitoTestExecutionListener, org.springframework.boot.test.mock.mockito.ResetMocksTestExecutionListener, org.springframework.test.context.web.ServletTestExecutionListener, org.springframework.test.context.support.DirtiesContextBeforeModesTestExecutionListener, org.springframework.test.context.support.DependencyInjectionTestExecutionListener, org.springframework.test.context.support.DirtiesContextTestExecutionListener, org.springframework.test.context.transaction.TransactionalTestExecutionListener, org.springframework.test.context.jdbc.SqlScriptsTestExecutionListener]
00:32:13.663 [Test worker] DEBUG org.springframework.boot.test.context.SpringBootTestContextBootstrapper - Skipping candidate TestExecutionListener [org.springframework.test.context.transaction.TransactionalTestExecutionListener] due to a missing dependency. Specify custom listener classes or make the default listener classes and their required dependencies available. Offending class: [org/springframework/transaction/TransactionDefinition]
00:32:13.664 [Test worker] DEBUG org.springframework.boot.test.context.SpringBootTestContextBootstrapper - Skipping candidate TestExecutionListener [org.springframework.test.context.jdbc.SqlScriptsTestExecutionListener] due to a missing dependency. Specify custom listener classes or make the default listener classes and their required dependencies available. Offending class: [org/springframework/transaction/interceptor/TransactionAttribute]
00:32:13.664 [Test worker] INFO org.springframework.boot.test.context.SpringBootTestContextBootstrapper - Using TestExecutionListeners: [org.springframework.test.context.web.ServletTestExecutionListener@5f59220e, org.springframework.test.context.support.DirtiesContextBeforeModesTestExecutionListener@4a09e835, org.springframework.boot.test.mock.mockito.MockitoTestExecutionListener@1cfafa1f, org.springframework.boot.test.autoconfigure.SpringBootDependencyInjectionTestExecutionListener@e8e2aa3, org.springframework.test.context.support.DirtiesContextTestExecutionListener@1851202e, org.springframework.boot.test.autoconfigure.restdocs.RestDocsTestExecutionListener@1d1c2b51, org.springframework.boot.test.autoconfigure.web.client.MockRestServiceServerResetTestExecutionListener@56fd00ef, org.springframework.boot.test.autoconfigure.web.servlet.MockMvcPrintOnlyOnFailureTestExecutionListener@29d9f3a1, org.springframework.boot.test.autoconfigure.web.servlet.WebDriverTestExecutionListener@3818f6e4, org.springframework.boot.test.mock.mockito.ResetMocksTestExecutionListener@44a20415]
00:32:13.668 [Test worker] DEBUG org.springframework.test.annotation.ProfileValueUtils - Retrieved @ProfileValueSourceConfiguration [null] for test class [com.tokenize.TokenizeApplicationTests]
00:32:13.669 [Test worker] DEBUG org.springframework.test.annotation.ProfileValueUtils - Retrieved ProfileValueSource type [class org.springframework.test.annotation.SystemProfileValueSource] for class [com.tokenize.TokenizeApplicationTests]
00:32:13.670 [Test worker] DEBUG org.springframework.test.annotation.ProfileValueUtils - Retrieved @ProfileValueSourceConfiguration [null] for test class [com.tokenize.TokenizeApplicationTests]
00:32:13.671 [Test worker] DEBUG org.springframework.test.annotation.ProfileValueUtils - Retrieved ProfileValueSource type [class org.springframework.test.annotation.SystemProfileValueSource] for class [com.tokenize.TokenizeApplicationTests]
00:32:13.676 [Test worker] DEBUG org.springframework.test.context.support.AbstractDirtiesContextTestExecutionListener - Before test class: context [DefaultTestContext@443ac56 testClass = TokenizeApplicationTests, testInstance = [null], testMethod = [null], testException = [null], mergedContextConfiguration = [WebMergedContextConfiguration@650dae12 testClass = TokenizeApplicationTests, locations = '{}', classes = '{class com.tokenize.TokenizeTreeTaggerApplication}', contextInitializerClasses = '[]', activeProfiles = '{}', propertySourceLocations = '{}', propertySourceProperties = '{org.springframework.boot.test.context.SpringBootTestContextBootstrapper=true}', contextCustomizers = set[org.springframework.boot.test.autoconfigure.properties.PropertyMappingContextCustomizer@0, org.springframework.boot.test.autoconfigure.web.servlet.WebDriverContextCustomizerFactory$Customizer@4a61da52, org.springframework.boot.test.context.filter.ExcludeFilterContextCustomizer@31aae74b, org.springframework.boot.test.json.DuplicateJsonObjectContextCustomizerFactory$DuplicateJsonObjectContextCustomizer@4a40b479, org.springframework.boot.test.mock.mockito.MockitoContextCustomizer@0, org.springframework.boot.test.web.client.TestRestTemplateContextCustomizer@7916f6d], resourceBasePath = 'src/main/webapp', contextLoader = 'org.springframework.boot.test.context.SpringBootContextLoader', parent = [null]], attributes = map['org.springframework.test.context.web.ServletTestExecutionListener.activateListener' -> true]], class annotated with @DirtiesContext [false] with mode [null].
00:32:13.677 [Test worker] DEBUG org.springframework.test.annotation.ProfileValueUtils - Retrieved @ProfileValueSourceConfiguration [null] for test class [com.tokenize.TokenizeApplicationTests]
00:32:13.677 [Test worker] DEBUG org.springframework.test.annotation.ProfileValueUtils - Retrieved ProfileValueSource type [class org.springframework.test.annotation.SystemProfileValueSource] for class [com.tokenize.TokenizeApplicationTests]
00:32:13.698 [Test worker] DEBUG org.springframework.test.context.support.TestPropertySourceUtils - Adding inlined properties to environment: {spring.jmx.enabled=false, org.springframework.boot.test.context.SpringBootTestContextBootstrapper=true, server.port=-1}

  .   ____          _            __ _ _
 /\\ / ___'_ __ _ _(_)_ __  __ _ \ \ \ \
( ( )\___ | '_ | '_| | '_ \/ _` | \ \ \ \
 \\/  ___)| |_)| | | | | || (_| |  ) ) ) )
  '  |____| .__|_| |_|_| |_\__, | / / / /
 =========|_|==============|___/=/_/_/_/
 :: Spring Boot ::        (v2.1.4.RELEASE)

2019-05-27 00:32:14.042  INFO 18446 --- [    Test worker] com.tokenize.TokenizeApplicationTests    : Starting TokenizeApplicationTests on temosare-PC with PID 18446 (started by temosare in /home/temosare/eclipse-workspace/TokenizeTreeTagger)
2019-05-27 00:32:14.044  INFO 18446 --- [    Test worker] com.tokenize.TokenizeApplicationTests    : No active profile set, falling back to default profiles: default
2019-05-27 00:32:15.366  INFO 18446 --- [    Test worker] f.a.AutowiredAnnotationBeanPostProcessor : Autowired annotation is not supported on static fields: private static java.util.HashMap com.tokenize.TokenizeTreeTaggerService.MapText
2019-05-27 00:32:16.172  INFO 18446 --- [    Test worker] o.s.s.concurrent.ThreadPoolTaskExecutor  : Initializing ExecutorService 'applicationTaskExecutor'
2019-05-27 00:32:16.563  INFO 18446 --- [    Test worker] com.tokenize.TokenizeApplicationTests    : Started TokenizeApplicationTests in 2.855 seconds (JVM running for 3.933)
]]></system-out>
  <system-err><![CDATA[]]></system-err>
</testsuite>
